2014/01/02 06:36:54 [error] [exception.CHttpException.404] exception 'CHttpException' with message 'Unable to resolve the request "gii/controller/index".' in W:\wamp\yii\framework\web\CWebApplication.php:286
Stack trace:
#0 W:\wamp\yii\framework\web\CWebApplication.php(141): CWebApplication->runController('gii/controller/...')
#1 W:\wamp\yii\framework\base\CApplication.php(180): CWebApplication->processRequest()
#2 W:\wamp\www\trackstar\index.php(13): CApplication->run()
#3 {main}
REQUEST_URI=/trackstar/index.php?r=gii/controller/index
---
2014/01/02 06:37:31 [error] [exception.CHttpException.404] exception 'CHttpException' with message 'Unable to resolve the request "gii/default/login".' in W:\wamp\yii\framework\web\CWebApplication.php:286
Stack trace:
#0 W:\wamp\yii\framework\web\CWebApplication.php(141): CWebApplication->runController('gii/default/log...')
#1 W:\wamp\yii\framework\base\CApplication.php(180): CWebApplication->processRequest()
#2 W:\wamp\www\trackstar\index.php(13): CApplication->run()
#3 {main}
REQUEST_URI=/trackstar/index.php?r=gii/default/login
---
2014/01/05 00:57:33 [error] [system.db.CDbCommand] CDbCommand::fetchAll() failed: SQLSTATE[42S02]: Base table or view not found: 1146 Table 'trackstar.tbl_migration' doesn't exist. The SQL statement executed was: SHOW FULL COLUMNS FROM `tbl_migration`.
2014/01/05 02:00:58 [error] [exception.CHttpException.403] exception 'CHttpException' with message 'You are not authorized to perform this action.' in W:\wamp\yii\framework\web\auth\CAccessControlFilter.php:182
Stack trace:
#0 W:\wamp\yii\framework\web\auth\CAccessControlFilter.php(145): CAccessControlFilter->accessDenied(Object(CWebUser), 'You are not aut...')
#1 W:\wamp\yii\framework\web\filters\CFilter.php(38): CAccessControlFilter->preFilter(Object(CFilterChain))
#2 W:\wamp\yii\framework\web\CController.php(1145): CFilter->filter(Object(CFilterChain))
#3 W:\wamp\yii\framework\web\filters\CInlineFilter.php(58): CController->filterAccessControl(Object(CFilterChain))
#4 W:\wamp\yii\framework\web\filters\CFilterChain.php(130): CInlineFilter->filter(Object(CFilterChain))
#5 W:\wamp\yii\framework\web\CController.php(291): CFilterChain->run()
#6 W:\wamp\yii\framework\web\CController.php(265): CController->runActionWithFilters(Object(CInlineAction), Array)
#7 W:\wamp\yii\framework\web\CWebApplication.php(282): CController->run('admin')
#8 W:\wamp\yii\framework\web\CWebApplication.php(141): CWebApplication->runController('project/admin')
#9 W:\wamp\yii\framework\base\CApplication.php(180): CWebApplication->processRequest()
#10 W:\wamp\www\trackstar\index.php(13): CApplication->run()
#11 {main}
REQUEST_URI=/trackstar/index.php?r=project/admin
HTTP_REFERER=http://localhost/trackstar/index.php?r=project/index
---
2014/01/05 02:01:09 [error] [exception.CHttpException.403] exception 'CHttpException' with message 'You are not authorized to perform this action.' in W:\wamp\yii\framework\web\auth\CAccessControlFilter.php:182
Stack trace:
#0 W:\wamp\yii\framework\web\auth\CAccessControlFilter.php(145): CAccessControlFilter->accessDenied(Object(CWebUser), 'You are not aut...')
#1 W:\wamp\yii\framework\web\filters\CFilter.php(38): CAccessControlFilter->preFilter(Object(CFilterChain))
#2 W:\wamp\yii\framework\web\CController.php(1145): CFilter->filter(Object(CFilterChain))
#3 W:\wamp\yii\framework\web\filters\CInlineFilter.php(58): CController->filterAccessControl(Object(CFilterChain))
#4 W:\wamp\yii\framework\web\filters\CFilterChain.php(130): CInlineFilter->filter(Object(CFilterChain))
#5 W:\wamp\yii\framework\web\CController.php(291): CFilterChain->run()
#6 W:\wamp\yii\framework\web\CController.php(265): CController->runActionWithFilters(Object(CInlineAction), Array)
#7 W:\wamp\yii\framework\web\CWebApplication.php(282): CController->run('delete')
#8 W:\wamp\yii\framework\web\CWebApplication.php(141): CWebApplication->runController('project/delete')
#9 W:\wamp\yii\framework\base\CApplication.php(180): CWebApplication->processRequest()
#10 W:\wamp\www\trackstar\index.php(13): CApplication->run()
#11 {main}
REQUEST_URI=/trackstar/index.php?r=project/delete&id=1
HTTP_REFERER=http://localhost/trackstar/index.php?r=project/view&id=1
---
2014/01/05 02:01:20 [error] [exception.CHttpException.403] exception 'CHttpException' with message 'You are not authorized to perform this action.' in W:\wamp\yii\framework\web\auth\CAccessControlFilter.php:182
Stack trace:
#0 W:\wamp\yii\framework\web\auth\CAccessControlFilter.php(145): CAccessControlFilter->accessDenied(Object(CWebUser), 'You are not aut...')
#1 W:\wamp\yii\framework\web\filters\CFilter.php(38): CAccessControlFilter->preFilter(Object(CFilterChain))
#2 W:\wamp\yii\framework\web\CController.php(1145): CFilter->filter(Object(CFilterChain))
#3 W:\wamp\yii\framework\web\filters\CInlineFilter.php(58): CController->filterAccessControl(Object(CFilterChain))
#4 W:\wamp\yii\framework\web\filters\CFilterChain.php(130): CInlineFilter->filter(Object(CFilterChain))
#5 W:\wamp\yii\framework\web\CController.php(291): CFilterChain->run()
#6 W:\wamp\yii\framework\web\CController.php(265): CController->runActionWithFilters(Object(CInlineAction), Array)
#7 W:\wamp\yii\framework\web\CWebApplication.php(282): CController->run('admin')
#8 W:\wamp\yii\framework\web\CWebApplication.php(141): CWebApplication->runController('project/admin')
#9 W:\wamp\yii\framework\base\CApplication.php(180): CWebApplication->processRequest()
#10 W:\wamp\www\trackstar\index.php(13): CApplication->run()
#11 {main}
REQUEST_URI=/trackstar/index.php?r=project/admin
HTTP_REFERER=http://localhost/trackstar/index.php?r=project/view&id=1
---
